<?xml version="1.0" encoding="UTF-8"?>
<testng-results ignored="0" total="3" passed="3" failed="0" skipped="0">
  <reporter-output>
    <line>
      <![CDATA[Hello Java and Selenium]]>
    </line>
    <line>
      <![CDATA[Hello selenium]]>
    </line>
    <line>
      <![CDATA[Hello java]]>
    </line>
  </reporter-output>
  <suite started-at="2022-08-09T10:43:08 IST" name="Suite" finished-at="2022-08-09T10:43:09 IST" duration-ms="48">
    <groups>
    </groups>
    <test started-at="2022-08-09T10:43:08 IST" name="Test" finished-at="2022-08-09T10:43:09 IST" duration-ms="48">
      <class name="Script.Test2">
        <test-method signature="tc2()[pri:0, instance:Script.Test2@770d3326]" started-at="2022-08-09T10:43:09 IST" name="tc2" finished-at="2022-08-09T10:43:09 IST" duration-ms="1" status="PASS">
          <reporter-output>
            <line>
              <![CDATA[Hello selenium]]>
            </line>
          </reporter-output>
        </test-method> <!-- tc2 -->
      </class> <!-- Script.Test2 -->
      <class name="Script.Test3">
        <test-method signature="tc3()[pri:0, instance:Script.Test3@524d6d96]" started-at="2022-08-09T10:43:09 IST" name="tc3" finished-at="2022-08-09T10:43:09 IST" duration-ms="9" status="PASS">
          <reporter-output>
            <line>
              <![CDATA[Hello Java and Selenium]]>
            </line>
          </reporter-output>
        </test-method> <!-- tc3 -->
      </class> <!-- Script.Test3 -->
      <class name="Script.Test0">
        <test-method signature="tc1()[pri:0, instance:Script.Test0@4cc8eb05]" started-at="2022-08-09T10:43:09 IST" name="tc1" finished-at="2022-08-09T10:43:09 IST" duration-ms="1" status="PASS">
          <reporter-output>
            <line>
              <![CDATA[Hello java]]>
            </line>
          </reporter-output>
        </test-method> <!-- tc1 -->
      </class> <!-- Script.Test0 -->
    </test> <!-- Test -->
  </suite> <!-- Suite -->
</testng-results>
